<?xml version="1.0" encoding="UTF-8"?>
<!-- Generated by org.testng.reporters.JUnitXMLReporter -->
<testsuite hostname="BDC6-D-429SWMS" name="Command line test" tests="60" failures="0" timestamp="7 May 2015 10:21:00 GMT" time="245.299" errors="0">
  <testcase name="RT_Phone_001" time="0.031" classname="CRH_EBF_Phone.CRH_EBF_Phone_test"/>
  <testcase name="RT_Phone_001" time="167.136" classname="CRH_EBF_Phone.CRH_EBF_Phone_test"/>
  <testcase name="RT_Phone_001" time="243.262" classname="CRH_EBF_Phone.CRH_EBF_Phone_test"/>
  <testcase name="RT_Phone_001" time="244.154" classname="CRH_EBF_Phone.CRH_EBF_Phone_test"/>
  <testcase name="RT_Phone_002" time="0.0" classname="CRH_EBF_Phone.CRH_EBF_Phone_test">
    <skipped/>
  </testcase> <!-- RT_Phone_002 -->
  <testcase name="RT_Phone_002" time="0.002" classname="CRH_EBF_Phone.CRH_EBF_Phone_test">
    <skipped/>
  </testcase> <!-- RT_Phone_002 -->
  <testcase name="RT_Phone_002" time="0.0" classname="CRH_EBF_Phone.CRH_EBF_Phone_test">
    <skipped/>
  </testcase> <!-- RT_Phone_002 -->
  <testcase name="RT_Phone_002" time="0.002" classname="CRH_EBF_Phone.CRH_EBF_Phone_test">
    <skipped/>
  </testcase> <!-- RT_Phone_002 -->
  <testcase name="RT_Phone_003" time="0.0" classname="CRH_EBF_Phone.CRH_EBF_Phone_test">
    <skipped/>
  </testcase> <!-- RT_Phone_003 -->
  <testcase name="RT_Phone_003" time="0.002" classname="CRH_EBF_Phone.CRH_EBF_Phone_test">
    <skipped/>
  </testcase> <!-- RT_Phone_003 -->
  <testcase name="RT_Phone_003" time="0.0" classname="CRH_EBF_Phone.CRH_EBF_Phone_test">
    <skipped/>
  </testcase> <!-- RT_Phone_003 -->
  <testcase name="RT_Phone_003" time="0.0" classname="CRH_EBF_Phone.CRH_EBF_Phone_test">
    <skipped/>
  </testcase> <!-- RT_Phone_003 -->
  <testcase name="RT_Phone_004" time="0.005" classname="CRH_EBF_Phone.CRH_EBF_Phone_test">
    <skipped/>
  </testcase> <!-- RT_Phone_004 -->
  <testcase name="RT_Phone_004" time="0.0" classname="CRH_EBF_Phone.CRH_EBF_Phone_test">
    <skipped/>
  </testcase> <!-- RT_Phone_004 -->
  <testcase name="RT_Phone_004" time="0.002" classname="CRH_EBF_Phone.CRH_EBF_Phone_test">
    <skipped/>
  </testcase> <!-- RT_Phone_004 -->
  <testcase name="RT_Phone_004" time="0.002" classname="CRH_EBF_Phone.CRH_EBF_Phone_test">
    <skipped/>
  </testcase> <!-- RT_Phone_004 -->
  <testcase name="RT_Phone_005" time="0.002" classname="CRH_EBF_Phone.CRH_EBF_Phone_test">
    <skipped/>
  </testcase> <!-- RT_Phone_005 -->
  <testcase name="RT_Phone_005" time="0.002" classname="CRH_EBF_Phone.CRH_EBF_Phone_test">
    <skipped/>
  </testcase> <!-- RT_Phone_005 -->
  <testcase name="RT_Phone_005" time="0.0" classname="CRH_EBF_Phone.CRH_EBF_Phone_test">
    <skipped/>
  </testcase> <!-- RT_Phone_005 -->
  <testcase name="RT_Phone_005" time="0.0" classname="CRH_EBF_Phone.CRH_EBF_Phone_test">
    <skipped/>
  </testcase> <!-- RT_Phone_005 -->
  <testcase name="RT_Phone_006" time="0.0" classname="CRH_EBF_Phone.CRH_EBF_Phone_test">
    <skipped/>
  </testcase> <!-- RT_Phone_006 -->
  <testcase name="RT_Phone_006" time="0.0" classname="CRH_EBF_Phone.CRH_EBF_Phone_test">
    <skipped/>
  </testcase> <!-- RT_Phone_006 -->
  <testcase name="RT_Phone_006" time="0.0" classname="CRH_EBF_Phone.CRH_EBF_Phone_test">
    <skipped/>
  </testcase> <!-- RT_Phone_006 -->
  <testcase name="RT_Phone_006" time="0.0" classname="CRH_EBF_Phone.CRH_EBF_Phone_test">
    <skipped/>
  </testcase> <!-- RT_Phone_006 -->
  <testcase name="RT_Phone_007" time="0.0" classname="CRH_EBF_Phone.CRH_EBF_Phone_test">
    <skipped/>
  </testcase> <!-- RT_Phone_007 -->
  <testcase name="RT_Phone_007" time="0.002" classname="CRH_EBF_Phone.CRH_EBF_Phone_test">
    <skipped/>
  </testcase> <!-- RT_Phone_007 -->
  <testcase name="RT_Phone_007" time="0.0" classname="CRH_EBF_Phone.CRH_EBF_Phone_test">
    <skipped/>
  </testcase> <!-- RT_Phone_007 -->
  <testcase name="RT_Phone_007" time="0.0" classname="CRH_EBF_Phone.CRH_EBF_Phone_test">
    <skipped/>
  </testcase> <!-- RT_Phone_007 -->
  <testcase name="RT_Phone_008" time="0.0" classname="CRH_EBF_Phone.CRH_EBF_Phone_test">
    <skipped/>
  </testcase> <!-- RT_Phone_008 -->
  <testcase name="RT_Phone_008" time="0.0" classname="CRH_EBF_Phone.CRH_EBF_Phone_test">
    <skipped/>
  </testcase> <!-- RT_Phone_008 -->
  <testcase name="RT_Phone_008" time="0.003" classname="CRH_EBF_Phone.CRH_EBF_Phone_test">
    <skipped/>
  </testcase> <!-- RT_Phone_008 -->
  <testcase name="RT_Phone_008" time="0.0" classname="CRH_EBF_Phone.CRH_EBF_Phone_test">
    <skipped/>
  </testcase> <!-- RT_Phone_008 -->
  <testcase name="RT_Phone_009" time="0.003" classname="CRH_EBF_Phone.CRH_EBF_Phone_test">
    <skipped/>
  </testcase> <!-- RT_Phone_009 -->
  <testcase name="RT_Phone_009" time="0.0" classname="CRH_EBF_Phone.CRH_EBF_Phone_test">
    <skipped/>
  </testcase> <!-- RT_Phone_009 -->
  <testcase name="RT_Phone_009" time="0.0" classname="CRH_EBF_Phone.CRH_EBF_Phone_test">
    <skipped/>
  </testcase> <!-- RT_Phone_009 -->
  <testcase name="RT_Phone_009" time="0.002" classname="CRH_EBF_Phone.CRH_EBF_Phone_test">
    <skipped/>
  </testcase> <!-- RT_Phone_009 -->
  <testcase name="RT_Phone_010" time="0.0" classname="CRH_EBF_Phone.CRH_EBF_Phone_test">
    <skipped/>
  </testcase> <!-- RT_Phone_010 -->
  <testcase name="RT_Phone_010" time="0.0" classname="CRH_EBF_Phone.CRH_EBF_Phone_test">
    <skipped/>
  </testcase> <!-- RT_Phone_010 -->
  <testcase name="RT_Phone_010" time="0.0" classname="CRH_EBF_Phone.CRH_EBF_Phone_test">
    <skipped/>
  </testcase> <!-- RT_Phone_010 -->
  <testcase name="RT_Phone_010" time="0.0" classname="CRH_EBF_Phone.CRH_EBF_Phone_test">
    <skipped/>
  </testcase> <!-- RT_Phone_010 -->
  <testcase name="RT_Phone_011" time="0.002" classname="CRH_EBF_Phone.CRH_EBF_Phone_test">
    <skipped/>
  </testcase> <!-- RT_Phone_011 -->
  <testcase name="RT_Phone_011" time="0.005" classname="CRH_EBF_Phone.CRH_EBF_Phone_test">
    <skipped/>
  </testcase> <!-- RT_Phone_011 -->
  <testcase name="RT_Phone_011" time="0.0" classname="CRH_EBF_Phone.CRH_EBF_Phone_test">
    <skipped/>
  </testcase> <!-- RT_Phone_011 -->
  <testcase name="RT_Phone_011" time="0.0" classname="CRH_EBF_Phone.CRH_EBF_Phone_test">
    <skipped/>
  </testcase> <!-- RT_Phone_011 -->
  <testcase name="RT_Phone_012" time="0.0" classname="CRH_EBF_Phone.CRH_EBF_Phone_test">
    <skipped/>
  </testcase> <!-- RT_Phone_012 -->
  <testcase name="RT_Phone_012" time="0.003" classname="CRH_EBF_Phone.CRH_EBF_Phone_test">
    <skipped/>
  </testcase> <!-- RT_Phone_012 -->
  <testcase name="RT_Phone_012" time="0.0" classname="CRH_EBF_Phone.CRH_EBF_Phone_test">
    <skipped/>
  </testcase> <!-- RT_Phone_012 -->
  <testcase name="RT_Phone_012" time="0.0" classname="CRH_EBF_Phone.CRH_EBF_Phone_test">
    <skipped/>
  </testcase> <!-- RT_Phone_012 -->
  <testcase name="RT_Phone_014" time="0.0" classname="CRH_EBF_Phone.CRH_EBF_Phone_test">
    <skipped/>
  </testcase> <!-- RT_Phone_014 -->
  <testcase name="RT_Phone_014" time="0.002" classname="CRH_EBF_Phone.CRH_EBF_Phone_test">
    <skipped/>
  </testcase> <!-- RT_Phone_014 -->
  <testcase name="RT_Phone_014" time="0.0" classname="CRH_EBF_Phone.CRH_EBF_Phone_test">
    <skipped/>
  </testcase> <!-- RT_Phone_014 -->
  <testcase name="RT_Phone_014" time="0.0" classname="CRH_EBF_Phone.CRH_EBF_Phone_test">
    <skipped/>
  </testcase> <!-- RT_Phone_014 -->
  <testcase name="RT_Phone_015" time="0.002" classname="CRH_EBF_Phone.CRH_EBF_Phone_test">
    <skipped/>
  </testcase> <!-- RT_Phone_015 -->
  <testcase name="RT_Phone_015" time="0.0" classname="CRH_EBF_Phone.CRH_EBF_Phone_test">
    <skipped/>
  </testcase> <!-- RT_Phone_015 -->
  <testcase name="RT_Phone_015" time="0.0" classname="CRH_EBF_Phone.CRH_EBF_Phone_test">
    <skipped/>
  </testcase> <!-- RT_Phone_015 -->
  <testcase name="RT_Phone_015" time="0.002" classname="CRH_EBF_Phone.CRH_EBF_Phone_test">
    <skipped/>
  </testcase> <!-- RT_Phone_015 -->
  <testcase name="RT_Phone_016" time="0.002" classname="CRH_EBF_Phone.CRH_EBF_Phone_test">
    <skipped/>
  </testcase> <!-- RT_Phone_016 -->
  <testcase name="RT_Phone_016" time="0.0" classname="CRH_EBF_Phone.CRH_EBF_Phone_test">
    <skipped/>
  </testcase> <!-- RT_Phone_016 -->
  <testcase name="RT_Phone_016" time="0.0" classname="CRH_EBF_Phone.CRH_EBF_Phone_test">
    <skipped/>
  </testcase> <!-- RT_Phone_016 -->
  <testcase name="RT_Phone_016" time="0.0" classname="CRH_EBF_Phone.CRH_EBF_Phone_test">
    <skipped/>
  </testcase> <!-- RT_Phone_016 -->
</testsuite> <!-- Command line test -->
