<?xml version="1.0" encoding="UTF-8"?>
<!-- Generated by org.testng.reporters.JUnitXMLReporter -->
<testsuite hostname="BDC6-D-441SQR4" name="Default test" tests="29" failures="0" timestamp="19 Jun 2015 08:54:38 GMT" time="249.993" errors="0">
  <testcase name="RT_Phone_001" time="0.016" classname="CRH_EBF_Phone.CRH_EBF_Phone_test">
    <skipped/>
  </testcase> <!-- RT_Phone_001 -->
  <testcase name="RT_Phone_001" time="0.001" classname="CRH_EBF_Phone.CRH_EBF_Phone_test">
    <skipped/>
  </testcase> <!-- RT_Phone_001 -->
  <testcase name="RT_Phone_001" time="0.031" classname="CRH_EBF_Phone.CRH_EBF_Phone_test">
    <skipped/>
  </testcase> <!-- RT_Phone_001 -->
  <testcase name="RT_Phone_001" time="0.016" classname="CRH_EBF_Phone.CRH_EBF_Phone_test">
    <skipped/>
  </testcase> <!-- RT_Phone_001 -->
  <testcase name="RT_Phone_001" time="0.015" classname="CRH_EBF_Phone.CRH_EBF_Phone_test">
    <skipped/>
  </testcase> <!-- RT_Phone_001 -->
  <testcase name="RT_Phone_001" time="0.0" classname="CRH_EBF_Phone.CRH_EBF_Phone_test">
    <skipped/>
  </testcase> <!-- RT_Phone_001 -->
  <testcase name="RT_Phone_001" time="0.015" classname="CRH_EBF_Phone.CRH_EBF_Phone_test">
    <skipped/>
  </testcase> <!-- RT_Phone_001 -->
  <testcase name="RT_Phone_001" time="0.0" classname="CRH_EBF_Phone.CRH_EBF_Phone_test">
    <skipped/>
  </testcase> <!-- RT_Phone_001 -->
  <testcase name="RT_Phone_001" time="248.651" classname="CRH_EBF_Phone.CRH_EBF_Phone_test"/>
  <testcase name="RT_Phone_001" time="0.015" classname="CRH_EBF_Phone.CRH_EBF_Phone_test">
    <skipped/>
  </testcase> <!-- RT_Phone_001 -->
  <testcase name="RT_Phone_001" time="0.0" classname="CRH_EBF_Phone.CRH_EBF_Phone_test">
    <skipped/>
  </testcase> <!-- RT_Phone_001 -->
  <testcase name="RT_Phone_001" time="0.0" classname="CRH_EBF_Phone.CRH_EBF_Phone_test">
    <skipped/>
  </testcase> <!-- RT_Phone_001 -->
  <testcase name="RT_Phone_001" time="0.0" classname="CRH_EBF_Phone.CRH_EBF_Phone_test">
    <skipped/>
  </testcase> <!-- RT_Phone_001 -->
  <testcase name="RT_Phone_001" time="0.0" classname="CRH_EBF_Phone.CRH_EBF_Phone_test">
    <skipped/>
  </testcase> <!-- RT_Phone_001 -->
  <testcase name="RT_Phone_001" time="0.031" classname="CRH_EBF_Phone.CRH_EBF_Phone_test">
    <skipped/>
  </testcase> <!-- RT_Phone_001 -->
  <testcase name="RT_Phone_001" time="0.016" classname="CRH_EBF_Phone.CRH_EBF_Phone_test">
    <skipped/>
  </testcase> <!-- RT_Phone_001 -->
  <testcase name="RT_Phone_001" time="0.0" classname="CRH_EBF_Phone.CRH_EBF_Phone_test">
    <skipped/>
  </testcase> <!-- RT_Phone_001 -->
  <testcase name="RT_Phone_001" time="0.0" classname="CRH_EBF_Phone.CRH_EBF_Phone_test">
    <skipped/>
  </testcase> <!-- RT_Phone_001 -->
  <testcase name="RT_Phone_001" time="0.0" classname="CRH_EBF_Phone.CRH_EBF_Phone_test">
    <skipped/>
  </testcase> <!-- RT_Phone_001 -->
  <testcase name="RT_Phone_001" time="0.0" classname="CRH_EBF_Phone.CRH_EBF_Phone_test">
    <skipped/>
  </testcase> <!-- RT_Phone_001 -->
  <testcase name="RT_Phone_001" time="0.0" classname="CRH_EBF_Phone.CRH_EBF_Phone_test">
    <skipped/>
  </testcase> <!-- RT_Phone_001 -->
  <testcase name="RT_Phone_001" time="0.0" classname="CRH_EBF_Phone.CRH_EBF_Phone_test">
    <skipped/>
  </testcase> <!-- RT_Phone_001 -->
  <testcase name="RT_Phone_001" time="0.0" classname="CRH_EBF_Phone.CRH_EBF_Phone_test">
    <skipped/>
  </testcase> <!-- RT_Phone_001 -->
  <testcase name="RT_Phone_001" time="0.016" classname="CRH_EBF_Phone.CRH_EBF_Phone_test">
    <skipped/>
  </testcase> <!-- RT_Phone_001 -->
  <testcase name="RT_Phone_001" time="0.0" classname="CRH_EBF_Phone.CRH_EBF_Phone_test">
    <skipped/>
  </testcase> <!-- RT_Phone_001 -->
  <testcase name="RT_Phone_001" time="0.0" classname="CRH_EBF_Phone.CRH_EBF_Phone_test">
    <skipped/>
  </testcase> <!-- RT_Phone_001 -->
  <testcase name="RT_Phone_001" time="0.0" classname="CRH_EBF_Phone.CRH_EBF_Phone_test">
    <skipped/>
  </testcase> <!-- RT_Phone_001 -->
  <testcase name="RT_Phone_001" time="0.0" classname="CRH_EBF_Phone.CRH_EBF_Phone_test">
    <skipped/>
  </testcase> <!-- RT_Phone_001 -->
  <testcase name="RT_Phone_001" time="0.0" classname="CRH_EBF_Phone.CRH_EBF_Phone_test">
    <skipped/>
  </testcase> <!-- RT_Phone_001 -->
</testsuite> <!-- Default test -->
