<?xml version="1.0" encoding="UTF-8"?>
<!-- Generated by org.testng.reporters.JUnitXMLReporter -->
<testsuite hostname="BDC6-D-429SWMS" name="Default test" tests="10" failures="0" timestamp="14 May 2015 07:34:50 GMT" time="2.46" errors="0">
  <testcase name="RT_Internet_001" time="0.214" classname="CRH_Internet.EBF_Internet_Test"/>
  <testcase name="RT_Internet_002" time="0.004" classname="CRH_Internet.EBF_Internet_Test">
    <skipped/>
  </testcase> <!-- RT_Internet_002 -->
  <testcase name="RT_Internet_003" time="0.004" classname="CRH_Internet.EBF_Internet_Test">
    <skipped/>
  </testcase> <!-- RT_Internet_003 -->
  <testcase name="RT_Internet_004" time="0.004" classname="CRH_Internet.EBF_Internet_Test">
    <skipped/>
  </testcase> <!-- RT_Internet_004 -->
  <testcase name="RT_Internet_006" time="0.004" classname="CRH_Internet.EBF_Internet_Test">
    <skipped/>
  </testcase> <!-- RT_Internet_006 -->
  <testcase name="RT_Internet_007" time="0.011" classname="CRH_Internet.EBF_Internet_Test">
    <skipped/>
  </testcase> <!-- RT_Internet_007 -->
  <testcase name="RT_Internet_008" time="0.005" classname="CRH_Internet.EBF_Internet_Test">
    <skipped/>
  </testcase> <!-- RT_Internet_008 -->
  <testcase name="RT_Internet_009" time="0.003" classname="CRH_Internet.EBF_Internet_Test">
    <skipped/>
  </testcase> <!-- RT_Internet_009 -->
  <testcase name="RT_Internet_010" time="0.004" classname="CRH_Internet.EBF_Internet_Test">
    <skipped/>
  </testcase> <!-- RT_Internet_010 -->
  <testcase name="RT_Internet_012" time="0.003" classname="CRH_Internet.EBF_Internet_Test">
    <skipped/>
  </testcase> <!-- RT_Internet_012 -->
</testsuite> <!-- Default test -->
